<?xml version="1.0" encoding="UTF-8"?>
<!-- Generated by org.testng.reporters.JUnitReportReporter -->
<testsuite skipped="0" hostname="MONO-HYD-LAP-67" name="Test1.Class123" tests="3" failures="0" timestamp="29 Jun 2019 13:12:17 GMT" time="0.016" errors="0">
  <testcase name="teardown" time="0.014" classname="Test1.Class123"/>
  <testcase name="login" time="0.001" classname="Test1.Class123"/>
  <testcase name="setup" time="0.001" classname="Test1.Class123"/>
</testsuite> <!-- Test1.Class123 -->
